0 info it worked if it ends with ok
1 verbose cli [ '/usr/local/bin/node',
1 verbose cli   '/usr/local/bin/npm',
1 verbose cli   'i',
1 verbose cli   '-S',
1 verbose cli   'dateFormat' ]
2 info using npm@3.9.5
3 info using node@v6.2.2
4 silly loadCurrentTree Starting
5 silly install loadCurrentTree
6 silly install readLocalPackageData
7 silly fetchPackageMetaData dateFormat
8 silly fetchNamedPackageData dateFormat
9 silly mapToRegistry name dateFormat
10 silly mapToRegistry using default registry
11 silly mapToRegistry registry https://registry.npmjs.org/
12 silly mapToRegistry data Result {
12 silly mapToRegistry   raw: 'dateFormat',
12 silly mapToRegistry   scope: null,
12 silly mapToRegistry   name: 'dateFormat',
12 silly mapToRegistry   rawSpec: '',
12 silly mapToRegistry   spec: 'latest',
12 silly mapToRegistry   type: 'tag' }
13 silly mapToRegistry uri https://registry.npmjs.org/dateFormat
14 verbose request uri https://registry.npmjs.org/dateFormat
15 verbose request no auth needed
16 info attempt registry request try #1 at 14:05:33
17 verbose request using bearer token for auth
18 verbose request id 42e5ff93fe266172
19 verbose etag W/"5837d6fd-5cab"
20 verbose lastModified Fri, 25 Nov 2016 06:15:25 GMT
21 http request GET https://registry.npmjs.org/dateFormat
22 http 200 https://registry.npmjs.org/dateFormat
23 verbose headers { server: 'nginx/1.10.1',
23 verbose headers   'content-type': 'application/json',
23 verbose headers   'last-modified': 'Thu, 08 Sep 2016 08:16:49 GMT',
23 verbose headers   etag: 'W/"57d11e71-189"',
23 verbose headers   'content-encoding': 'gzip',
23 verbose headers   'cache-control': 'max-age=300',
23 verbose headers   'transfer-encoding': 'chunked',
23 verbose headers   'accept-ranges': 'bytes',
23 verbose headers   date: 'Mon, 26 Dec 2016 13:05:34 GMT',
23 verbose headers   via: '1.1 varnish',
23 verbose headers   connection: 'keep-alive',
23 verbose headers   'x-served-by': 'cache-ams4125-AMS',
23 verbose headers   'x-cache': 'MISS',
23 verbose headers   'x-cache-hits': '0',
23 verbose headers   'x-timer': 'S1482757534.418800,VS0,VE6',
23 verbose headers   vary: 'Accept-Encoding' }
24 silly get cb [ 200,
24 silly get   { server: 'nginx/1.10.1',
24 silly get     'content-type': 'application/json',
24 silly get     'last-modified': 'Thu, 08 Sep 2016 08:16:49 GMT',
24 silly get     etag: 'W/"57d11e71-189"',
24 silly get     'content-encoding': 'gzip',
24 silly get     'cache-control': 'max-age=300',
24 silly get     'transfer-encoding': 'chunked',
24 silly get     'accept-ranges': 'bytes',
24 silly get     date: 'Mon, 26 Dec 2016 13:05:34 GMT',
24 silly get     via: '1.1 varnish',
24 silly get     connection: 'keep-alive',
24 silly get     'x-served-by': 'cache-ams4125-AMS',
24 silly get     'x-cache': 'MISS',
24 silly get     'x-cache-hits': '0',
24 silly get     'x-timer': 'S1482757534.418800,VS0,VE6',
24 silly get     vary: 'Accept-Encoding' } ]
25 verbose get saving dateFormat to /Users/mattia/.npm/registry.npmjs.org/dateFormat/.cache.json
26 verbose correctMkdir /Users/mattia/.npm correctMkdir not in flight; initializing
27 verbose stack TypeError: Cannot convert undefined or null to object
27 verbose stack     at pickVersionFromRegistryDocument (/usr/local/lib/node_modules/npm/lib/fetch-package-metadata.js:125:29)
27 verbose stack     at /usr/local/lib/node_modules/npm/node_modules/iferr/index.js:13:50
27 verbose stack     at /usr/local/lib/node_modules/npm/lib/utils/pulse-till-done.js:19:8
27 verbose stack     at saved (/usr/local/lib/node_modules/npm/lib/cache/caching-client.js:174:7)
27 verbose stack     at /usr/local/lib/node_modules/npm/node_modules/graceful-fs/polyfills.js:210:7
27 verbose stack     at FSReqWrap.oncomplete (fs.js:117:15)
28 verbose cwd /Users/mattia/personal/moog
29 error Darwin 15.0.0
30 error argv "/usr/local/bin/node" "/usr/local/bin/npm" "i" "-S" "dateFormat"
31 error node v6.2.2
32 error npm  v3.9.5
33 error Cannot convert undefined or null to object
34 error If you need help, you may report this error at:
34 error     <https://github.com/npm/npm/issues>
35 verbose exit [ 1, true ]
